<?xml version="1.0" encoding="UTF-8"?>
<coverage generated="1777749950734" clover="3.2.0">
  <project timestamp="1777749950735" name="All files">
    <metrics statements="91" coveredstatements="88" conditionals="80" coveredconditionals="75" methods="13" coveredmethods="13" elements="184" coveredelements="176" complexity="0" loc="91" ncloc="91" packages="2" files="13" classes="13"/>
    <package name="src">
      <metrics statements="91" coveredstatements="88" conditionals="80" coveredconditionals="75" methods="13" coveredmethods="13"/>
      <file name="controller.ts" path="/app/src/controller.ts">
        <metrics statements="91" coveredstatements="88" conditionals="80" coveredconditionals="75" methods="13" coveredmethods="13"/>
        <line num="16" count="8" type="stmt"/>
        <line num="17" count="8" type="stmt"/>
        <line num="18" count="8" type="stmt"/>
        <line num="20" count="128" type="stmt"/>
        <line num="21" count="128" type="cond" truecount="2" falsecount="0"/>
        <line num="23" count="128" type="cond" truecount="1" falsecount="1"/>
        <line num="24" count="128" type="stmt"/>
        <line num="25" count="128" type="cond" truecount="2" falsecount="0"/>
        <line num="26" count="128" type="cond" truecount="3" falsecount="1"/>
        <line num="27" count="128" type="stmt"/>
        <line num="30" count="128" type="cond" truecount="3" falsecount="1"/>
        <line num="31" count="0" type="stmt"/>
        <line num="33" count="128" type="cond" truecount="3" falsecount="1"/>
        <line num="34" count="0" type="stmt"/>
        <line num="36" count="128" type="stmt"/>
        <line num="39" count="32" type="stmt"/>
        <line num="40" count="32" type="stmt"/>
        <line num="51" count="32" type="stmt"/>
        <line num="52" count="256" type="stmt"/>
        <line num="53" count="256" type="stmt"/>
        <line num="55" count="256" type="cond" truecount="6" falsecount="0"/>
        <line num="56" count="96" type="stmt"/>
        <line num="57" count="96" type="cond" truecount="2" falsecount="0"/>
        <line num="58" count="64" type="stmt"/>
        <line num="59" count="32" type="cond" truecount="1" falsecount="1"/>
        <line num="60" count="0" type="stmt"/>
        <line num="64" count="32" type="stmt"/>
        <line num="65" count="48" type="stmt"/>
        <line num="67" count="49" type="stmt"/>
        <line num="68" count="49" type="stmt"/>
        <line num="75" count="49" type="stmt"/>
        <line num="76" count="196" type="stmt"/>
        <line num="77" count="196" type="stmt"/>
        <line num="79" count="196" type="cond" truecount="4" falsecount="0"/>
        <line num="80" count="119" type="stmt"/>
        <line num="81" count="119" type="cond" truecount="2" falsecount="0"/>
        <line num="82" count="5" type="stmt"/>
        <line num="84" count="114" type="cond" truecount="2" falsecount="0"/>
        <line num="85" count="1" type="stmt"/>
        <line num="87" count="114" type="stmt"/>
        <line num="89" count="5" type="stmt"/>
        <line num="90" count="5" type="stmt"/>
        <line num="93" count="49" type="stmt"/>
        <line num="94" count="16" type="stmt"/>
        <line num="95" count="16" type="stmt"/>
        <line num="99" count="8" type="stmt"/>
        <line num="100" count="8" type="stmt"/>
        <line num="104" count="8" type="stmt"/>
        <line num="105" count="64" type="stmt"/>
        <line num="106" count="512" type="stmt"/>
        <line num="107" count="512" type="cond" truecount="2" falsecount="0"/>
        <line num="108" count="512" type="stmt"/>
        <line num="109" count="512" type="cond" truecount="4" falsecount="0"/>
        <line num="110" count="128" type="cond" truecount="2" falsecount="0"/>
        <line num="112" count="512" type="cond" truecount="4" falsecount="0"/>
        <line num="113" count="128" type="cond" truecount="2" falsecount="0"/>
        <line num="117" count="8" type="stmt"/>
        <line num="121" count="128" type="stmt"/>
        <line num="122" count="128" type="stmt"/>
        <line num="123" count="128" type="cond" truecount="2" falsecount="0"/>
        <line num="124" count="128" type="stmt"/>
        <line num="125" count="128" type="stmt"/>
        <line num="135" count="128" type="stmt"/>
        <line num="136" count="128" type="stmt"/>
        <line num="137" count="128" type="stmt"/>
        <line num="144" count="128" type="cond" truecount="4" falsecount="0"/>
        <line num="145" count="32" type="cond" truecount="2" falsecount="0"/>
        <line num="146" count="32" type="stmt"/>
        <line num="147" count="32" type="stmt"/>
        <line num="149" count="96" type="cond" truecount="4" falsecount="0"/>
        <line num="150" count="32" type="cond" truecount="2" falsecount="0"/>
        <line num="151" count="32" type="stmt"/>
        <line num="152" count="32" type="stmt"/>
        <line num="154" count="64" type="cond" truecount="4" falsecount="0"/>
        <line num="155" count="32" type="cond" truecount="2" falsecount="0"/>
        <line num="156" count="32" type="stmt"/>
        <line num="157" count="32" type="stmt"/>
        <line num="159" count="32" type="cond" truecount="2" falsecount="0"/>
        <line num="160" count="16" type="cond" truecount="2" falsecount="0"/>
        <line num="161" count="16" type="stmt"/>
        <line num="162" count="16" type="stmt"/>
        <line num="164" count="16" type="cond" truecount="2" falsecount="0"/>
        <line num="165" count="128" type="stmt"/>
        <line num="166" count="128" type="stmt"/>
        <line num="170" count="256" type="stmt"/>
        <line num="174" count="224" type="cond" truecount="2" falsecount="0"/>
        <line num="178" count="8" type="stmt"/>
        <line num="179" count="64" type="stmt"/>
        <line num="180" count="512" type="stmt"/>
        <line num="181" count="512" type="cond" truecount="2" falsecount="0"/>
        <line num="182" count="256" type="stmt"/>
      </file>
    </package>
    <package name="src.assets">
      <metrics statements="0" coveredstatements="0" conditionals="0" coveredconditionals="0" methods="0" coveredmethods="0"/>
      <file name="black_bishop.svg" path="/app/src/assets/black_bishop.svg">
        <metrics statements="0" coveredstatements="0" conditionals="0" coveredconditionals="0" methods="0" coveredmethods="0"/>
      </file>
      <file name="black_king.svg" path="/app/src/assets/black_king.svg">
        <metrics statements="0" coveredstatements="0" conditionals="0" coveredconditionals="0" methods="0" coveredmethods="0"/>
      </file>
      <file name="black_knight.svg" path="/app/src/assets/black_knight.svg">
        <metrics statements="0" coveredstatements="0" conditionals="0" coveredconditionals="0" methods="0" coveredmethods="0"/>
      </file>
      <file name="black_pawn.svg" path="/app/src/assets/black_pawn.svg">
        <metrics statements="0" coveredstatements="0" conditionals="0" coveredconditionals="0" methods="0" coveredmethods="0"/>
      </file>
      <file name="black_queen.svg" path="/app/src/assets/black_queen.svg">
        <metrics statements="0" coveredstatements="0" conditionals="0" coveredconditionals="0" methods="0" coveredmethods="0"/>
      </file>
      <file name="black_rook.svg" path="/app/src/assets/black_rook.svg">
        <metrics statements="0" coveredstatements="0" conditionals="0" coveredconditionals="0" methods="0" coveredmethods="0"/>
      </file>
      <file name="white_bishop.svg" path="/app/src/assets/white_bishop.svg">
        <metrics statements="0" coveredstatements="0" conditionals="0" coveredconditionals="0" methods="0" coveredmethods="0"/>
      </file>
      <file name="white_king.svg" path="/app/src/assets/white_king.svg">
        <metrics statements="0" coveredstatements="0" conditionals="0" coveredconditionals="0" methods="0" coveredmethods="0"/>
      </file>
      <file name="white_knight.svg" path="/app/src/assets/white_knight.svg">
        <metrics statements="0" coveredstatements="0" conditionals="0" coveredconditionals="0" methods="0" coveredmethods="0"/>
      </file>
      <file name="white_pawn.svg" path="/app/src/assets/white_pawn.svg">
        <metrics statements="0" coveredstatements="0" conditionals="0" coveredconditionals="0" methods="0" coveredmethods="0"/>
      </file>
      <file name="white_queen.svg" path="/app/src/assets/white_queen.svg">
        <metrics statements="0" coveredstatements="0" conditionals="0" coveredconditionals="0" methods="0" coveredmethods="0"/>
      </file>
      <file name="white_rook.svg" path="/app/src/assets/white_rook.svg">
        <metrics statements="0" coveredstatements="0" conditionals="0" coveredconditionals="0" methods="0" coveredmethods="0"/>
      </file>
    </package>
  </project>
</coverage>
