{"/app/src/controller.ts": {"path":"/app/src/controller.ts","statementMap":{"0":{"start":{"line":16,"column":19},"end":{"line":16,"column":null}},"1":{"start":{"line":17,"column":17},"end":{"line":17,"column":55}},"2":{"start":{"line":18,"column":56},"end":{"line":96,"column":null}},"3":{"start":{"line":20,"column":34},"end":{"line":20,"column":36}},"4":{"start":{"line":21,"column":30},"end":{"line":21,"column":null}},"5":{"start":{"line":23,"column":12},"end":{"line":27,"column":null}},"6":{"start":{"line":24,"column":16},"end":{"line":24,"column":null}},"7":{"start":{"line":25,"column":30},"end":{"line":25,"column":null}},"8":{"start":{"line":26,"column":16},"end":{"line":27,"column":null}},"9":{"start":{"line":27,"column":20},"end":{"line":27,"column":null}},"10":{"start":{"line":30,"column":12},"end":{"line":31,"column":null}},"11":{"start":{"line":31,"column":16},"end":{"line":31,"column":null}},"12":{"start":{"line":33,"column":12},"end":{"line":34,"column":null}},"13":{"start":{"line":34,"column":16},"end":{"line":34,"column":null}},"14":{"start":{"line":36,"column":12},"end":{"line":36,"column":null}},"15":{"start":{"line":39,"column":34},"end":{"line":39,"column":36}},"16":{"start":{"line":40,"column":31},"end":{"line":49,"column":null}},"17":{"start":{"line":51,"column":12},"end":{"line":60,"column":null}},"18":{"start":{"line":52,"column":30},"end":{"line":52,"column":null}},"19":{"start":{"line":53,"column":30},"end":{"line":53,"column":null}},"20":{"start":{"line":55,"column":16},"end":{"line":60,"column":null}},"21":{"start":{"line":56,"column":42},"end":{"line":56,"column":null}},"22":{"start":{"line":57,"column":20},"end":{"line":60,"column":null}},"23":{"start":{"line":58,"column":24},"end":{"line":58,"column":null}},"24":{"start":{"line":59,"column":31},"end":{"line":60,"column":null}},"25":{"start":{"line":60,"column":24},"end":{"line":60,"column":null}},"26":{"start":{"line":64,"column":12},"end":{"line":64,"column":null}},"27":{"start":{"line":65,"column":42},"end":{"line":65,"column":null}},"28":{"start":{"line":67,"column":34},"end":{"line":67,"column":36}},"29":{"start":{"line":68,"column":31},"end":{"line":73,"column":null}},"30":{"start":{"line":75,"column":12},"end":{"line":90,"column":null}},"31":{"start":{"line":76,"column":28},"end":{"line":76,"column":null}},"32":{"start":{"line":77,"column":28},"end":{"line":77,"column":null}},"33":{"start":{"line":79,"column":16},"end":{"line":90,"column":null}},"34":{"start":{"line":80,"column":42},"end":{"line":80,"column":null}},"35":{"start":{"line":81,"column":20},"end":{"line":87,"column":null}},"36":{"start":{"line":82,"column":24},"end":{"line":82,"column":null}},"37":{"start":{"line":84,"column":24},"end":{"line":85,"column":null}},"38":{"start":{"line":85,"column":28},"end":{"line":85,"column":null}},"39":{"start":{"line":87,"column":24},"end":{"line":87,"column":null}},"40":{"start":{"line":89,"column":20},"end":{"line":89,"column":null}},"41":{"start":{"line":90,"column":20},"end":{"line":90,"column":null}},"42":{"start":{"line":93,"column":12},"end":{"line":93,"column":null}},"43":{"start":{"line":94,"column":41},"end":{"line":94,"column":null}},"44":{"start":{"line":95,"column":40},"end":{"line":95,"column":null}},"45":{"start":{"line":99,"column":8},"end":{"line":99,"column":null}},"46":{"start":{"line":100,"column":8},"end":{"line":100,"column":null}},"47":{"start":{"line":104,"column":8},"end":{"line":113,"column":null}},"48":{"start":{"line":104,"column":21},"end":{"line":104,"column":24}},"49":{"start":{"line":105,"column":12},"end":{"line":113,"column":null}},"50":{"start":{"line":105,"column":25},"end":{"line":105,"column":28}},"51":{"start":{"line":106,"column":28},"end":{"line":106,"column":57}},"52":{"start":{"line":107,"column":16},"end":{"line":107,"column":null}},"53":{"start":{"line":108,"column":16},"end":{"line":108,"column":null}},"54":{"start":{"line":109,"column":16},"end":{"line":110,"column":null}},"55":{"start":{"line":110,"column":20},"end":{"line":110,"column":null}},"56":{"start":{"line":112,"column":16},"end":{"line":113,"column":null}},"57":{"start":{"line":113,"column":20},"end":{"line":113,"column":null}},"58":{"start":{"line":117,"column":8},"end":{"line":117,"column":null}},"59":{"start":{"line":121,"column":20},"end":{"line":121,"column":49}},"60":{"start":{"line":122,"column":8},"end":{"line":122,"column":null}},"61":{"start":{"line":123,"column":8},"end":{"line":123,"column":null}},"62":{"start":{"line":124,"column":8},"end":{"line":124,"column":null}},"63":{"start":{"line":125,"column":8},"end":{"line":131,"column":null}},"64":{"start":{"line":135,"column":20},"end":{"line":135,"column":49}},"65":{"start":{"line":136,"column":8},"end":{"line":136,"column":null}},"66":{"start":{"line":137,"column":45},"end":{"line":143,"column":null}},"67":{"start":{"line":144,"column":8},"end":{"line":147,"column":null}},"68":{"start":{"line":145,"column":12},"end":{"line":145,"column":null}},"69":{"start":{"line":146,"column":12},"end":{"line":146,"column":null}},"70":{"start":{"line":147,"column":12},"end":{"line":147,"column":null}},"71":{"start":{"line":149,"column":8},"end":{"line":152,"column":null}},"72":{"start":{"line":150,"column":12},"end":{"line":150,"column":null}},"73":{"start":{"line":151,"column":12},"end":{"line":151,"column":null}},"74":{"start":{"line":152,"column":12},"end":{"line":152,"column":null}},"75":{"start":{"line":154,"column":8},"end":{"line":157,"column":null}},"76":{"start":{"line":155,"column":12},"end":{"line":155,"column":null}},"77":{"start":{"line":156,"column":12},"end":{"line":156,"column":null}},"78":{"start":{"line":157,"column":12},"end":{"line":157,"column":null}},"79":{"start":{"line":159,"column":8},"end":{"line":162,"column":null}},"80":{"start":{"line":160,"column":12},"end":{"line":160,"column":null}},"81":{"start":{"line":161,"column":12},"end":{"line":161,"column":null}},"82":{"start":{"line":162,"column":12},"end":{"line":162,"column":null}},"83":{"start":{"line":164,"column":8},"end":{"line":164,"column":null}},"84":{"start":{"line":165,"column":8},"end":{"line":165,"column":null}},"85":{"start":{"line":166,"column":8},"end":{"line":166,"column":null}},"86":{"start":{"line":170,"column":8},"end":{"line":170,"column":null}},"87":{"start":{"line":174,"column":8},"end":{"line":174,"column":null}},"88":{"start":{"line":178,"column":8},"end":{"line":182,"column":null}},"89":{"start":{"line":178,"column":21},"end":{"line":178,"column":24}},"90":{"start":{"line":179,"column":12},"end":{"line":182,"column":null}},"91":{"start":{"line":179,"column":25},"end":{"line":179,"column":28}},"92":{"start":{"line":180,"column":30},"end":{"line":180,"column":null}},"93":{"start":{"line":181,"column":16},"end":{"line":182,"column":null}},"94":{"start":{"line":182,"column":20},"end":{"line":182,"column":null}}},"fnMap":{"0":{"name":"(anonymous_0)","decl":{"start":{"line":19,"column":8},"end":{"line":19,"column":17}},"loc":{"start":{"line":19,"column":39},"end":{"line":36,"column":null}},"line":19},"1":{"name":"(anonymous_1)","decl":{"start":{"line":38,"column":8},"end":{"line":38,"column":19}},"loc":{"start":{"line":38,"column":41},"end":{"line":64,"column":null}},"line":38},"2":{"name":"(anonymous_2)","decl":{"start":{"line":65,"column":8},"end":{"line":65,"column":19}},"loc":{"start":{"line":65,"column":41},"end":{"line":65,"column":null}},"line":65},"3":{"name":"(anonymous_3)","decl":{"start":{"line":66,"column":8},"end":{"line":66,"column":17}},"loc":{"start":{"line":66,"column":39},"end":{"line":93,"column":null}},"line":66},"4":{"name":"(anonymous_4)","decl":{"start":{"line":94,"column":8},"end":{"line":94,"column":18}},"loc":{"start":{"line":94,"column":40},"end":{"line":94,"column":null}},"line":94},"5":{"name":"(anonymous_5)","decl":{"start":{"line":95,"column":8},"end":{"line":95,"column":17}},"loc":{"start":{"line":95,"column":39},"end":{"line":95,"column":null}},"line":95},"6":{"name":"(anonymous_6)","decl":{"start":{"line":98,"column":4},"end":{"line":98,"column":18}},"loc":{"start":{"line":98,"column":18},"end":{"line":100,"column":null}},"line":98},"7":{"name":"(anonymous_7)","decl":{"start":{"line":103,"column":4},"end":{"line":103,"column":16}},"loc":{"start":{"line":103,"column":16},"end":{"line":117,"column":null}},"line":103},"8":{"name":"(anonymous_8)","decl":{"start":{"line":120,"column":4},"end":{"line":120,"column":14}},"loc":{"start":{"line":120,"column":60},"end":{"line":131,"column":null}},"line":120},"9":{"name":"(anonymous_9)","decl":{"start":{"line":134,"column":4},"end":{"line":134,"column":17}},"loc":{"start":{"line":134,"column":63},"end":{"line":166,"column":null}},"line":134},"10":{"name":"(anonymous_10)","decl":{"start":{"line":169,"column":4},"end":{"line":169,"column":12}},"loc":{"start":{"line":169,"column":54},"end":{"line":170,"column":null}},"line":169},"11":{"name":"(anonymous_11)","decl":{"start":{"line":173,"column":4},"end":{"line":173,"column":14}},"loc":{"start":{"line":173,"column":70},"end":{"line":174,"column":null}},"line":173},"12":{"name":"(anonymous_12)","decl":{"start":{"line":177,"column":4},"end":{"line":177,"column":22}},"loc":{"start":{"line":177,"column":22},"end":{"line":182,"column":null}},"line":177}},"branchMap":{"0":{"loc":{"start":{"line":21,"column":30},"end":{"line":21,"column":null}},"type":"cond-expr","locations":[{"start":{"line":21,"column":50},"end":{"line":21,"column":54}},{"start":{"line":21,"column":54},"end":{"line":21,"column":null}}],"line":21},"1":{"loc":{"start":{"line":23,"column":12},"end":{"line":27,"column":null}},"type":"if","locations":[{"start":{"line":23,"column":12},"end":{"line":27,"column":null}},{"start":{},"end":{}}],"line":23},"2":{"loc":{"start":{"line":25,"column":30},"end":{"line":25,"column":null}},"type":"cond-expr","locations":[{"start":{"line":25,"column":50},"end":{"line":25,"column":54}},{"start":{"line":25,"column":54},"end":{"line":25,"column":null}}],"line":25},"3":{"loc":{"start":{"line":26,"column":16},"end":{"line":27,"column":null}},"type":"if","locations":[{"start":{"line":26,"column":16},"end":{"line":27,"column":null}},{"start":{},"end":{}}],"line":26},"4":{"loc":{"start":{"line":26,"column":20},"end":{"line":26,"column":88}},"type":"binary-expr","locations":[{"start":{"line":26,"column":20},"end":{"line":26,"column":39}},{"start":{"line":26,"column":39},"end":{"line":26,"column":88}}],"line":26},"5":{"loc":{"start":{"line":30,"column":12},"end":{"line":31,"column":null}},"type":"if","locations":[{"start":{"line":30,"column":12},"end":{"line":31,"column":null}},{"start":{},"end":{}}],"line":30},"6":{"loc":{"start":{"line":30,"column":16},"end":{"line":30,"column":89}},"type":"binary-expr","locations":[{"start":{"line":30,"column":16},"end":{"line":30,"column":31}},{"start":{"line":30,"column":31},"end":{"line":30,"column":89}}],"line":30},"7":{"loc":{"start":{"line":33,"column":12},"end":{"line":34,"column":null}},"type":"if","locations":[{"start":{"line":33,"column":12},"end":{"line":34,"column":null}},{"start":{},"end":{}}],"line":33},"8":{"loc":{"start":{"line":33,"column":16},"end":{"line":33,"column":89}},"type":"binary-expr","locations":[{"start":{"line":33,"column":16},"end":{"line":33,"column":31}},{"start":{"line":33,"column":31},"end":{"line":33,"column":89}}],"line":33},"9":{"loc":{"start":{"line":55,"column":16},"end":{"line":60,"column":null}},"type":"if","locations":[{"start":{"line":55,"column":16},"end":{"line":60,"column":null}},{"start":{},"end":{}}],"line":55},"10":{"loc":{"start":{"line":55,"column":20},"end":{"line":55,"column":72}},"type":"binary-expr","locations":[{"start":{"line":55,"column":20},"end":{"line":55,"column":34}},{"start":{"line":55,"column":34},"end":{"line":55,"column":47}},{"start":{"line":55,"column":47},"end":{"line":55,"column":61}},{"start":{"line":55,"column":61},"end":{"line":55,"column":72}}],"line":55},"11":{"loc":{"start":{"line":57,"column":20},"end":{"line":60,"column":null}},"type":"if","locations":[{"start":{"line":57,"column":20},"end":{"line":60,"column":null}},{"start":{"line":59,"column":31},"end":{"line":60,"column":null}}],"line":57},"12":{"loc":{"start":{"line":59,"column":31},"end":{"line":60,"column":null}},"type":"if","locations":[{"start":{"line":59,"column":31},"end":{"line":60,"column":null}},{"start":{},"end":{}}],"line":59},"13":{"loc":{"start":{"line":79,"column":23},"end":{"line":79,"column":75}},"type":"binary-expr","locations":[{"start":{"line":79,"column":23},"end":{"line":79,"column":37}},{"start":{"line":79,"column":37},"end":{"line":79,"column":50}},{"start":{"line":79,"column":50},"end":{"line":79,"column":64}},{"start":{"line":79,"column":64},"end":{"line":79,"column":75}}],"line":79},"14":{"loc":{"start":{"line":81,"column":20},"end":{"line":87,"column":null}},"type":"if","locations":[{"start":{"line":81,"column":20},"end":{"line":87,"column":null}},{"start":{"line":83,"column":27},"end":{"line":87,"column":null}}],"line":81},"15":{"loc":{"start":{"line":84,"column":24},"end":{"line":85,"column":null}},"type":"if","locations":[{"start":{"line":84,"column":24},"end":{"line":85,"column":null}},{"start":{},"end":{}}],"line":84},"16":{"loc":{"start":{"line":107,"column":20},"end":{"line":107,"column":null}},"type":"cond-expr","locations":[{"start":{"line":107,"column":46},"end":{"line":107,"column":77}},{"start":{"line":107,"column":77},"end":{"line":107,"column":null}}],"line":107},"17":{"loc":{"start":{"line":109,"column":16},"end":{"line":110,"column":null}},"type":"if","locations":[{"start":{"line":109,"column":16},"end":{"line":110,"column":null}},{"start":{},"end":{}}],"line":109},"18":{"loc":{"start":{"line":109,"column":20},"end":{"line":109,"column":40}},"type":"binary-expr","locations":[{"start":{"line":109,"column":20},"end":{"line":109,"column":31}},{"start":{"line":109,"column":31},"end":{"line":109,"column":40}}],"line":109},"19":{"loc":{"start":{"line":110,"column":54},"end":{"line":110,"column":83}},"type":"cond-expr","locations":[{"start":{"line":110,"column":64},"end":{"line":110,"column":74}},{"start":{"line":110,"column":74},"end":{"line":110,"column":83}}],"line":110},"20":{"loc":{"start":{"line":112,"column":16},"end":{"line":113,"column":null}},"type":"if","locations":[{"start":{"line":112,"column":16},"end":{"line":113,"column":null}},{"start":{},"end":{}}],"line":112},"21":{"loc":{"start":{"line":112,"column":20},"end":{"line":112,"column":40}},"type":"binary-expr","locations":[{"start":{"line":112,"column":20},"end":{"line":112,"column":31}},{"start":{"line":112,"column":31},"end":{"line":112,"column":40}}],"line":112},"22":{"loc":{"start":{"line":113,"column":57},"end":{"line":113,"column":86}},"type":"cond-expr","locations":[{"start":{"line":113,"column":67},"end":{"line":113,"column":77}},{"start":{"line":113,"column":77},"end":{"line":113,"column":86}}],"line":113},"23":{"loc":{"start":{"line":123,"column":18},"end":{"line":123,"column":null}},"type":"cond-expr","locations":[{"start":{"line":123,"column":38},"end":{"line":123,"column":50}},{"start":{"line":123,"column":50},"end":{"line":123,"column":null}}],"line":123},"24":{"loc":{"start":{"line":144,"column":8},"end":{"line":147,"column":null}},"type":"if","locations":[{"start":{"line":144,"column":8},"end":{"line":147,"column":null}},{"start":{},"end":{}}],"line":144},"25":{"loc":{"start":{"line":144,"column":12},"end":{"line":144,"column":32}},"type":"binary-expr","locations":[{"start":{"line":144,"column":12},"end":{"line":144,"column":23}},{"start":{"line":144,"column":23},"end":{"line":144,"column":32}}],"line":144},"26":{"loc":{"start":{"line":145,"column":22},"end":{"line":145,"column":null}},"type":"cond-expr","locations":[{"start":{"line":145,"column":42},"end":{"line":145,"column":54}},{"start":{"line":145,"column":54},"end":{"line":145,"column":null}}],"line":145},"27":{"loc":{"start":{"line":149,"column":8},"end":{"line":152,"column":null}},"type":"if","locations":[{"start":{"line":149,"column":8},"end":{"line":152,"column":null}},{"start":{},"end":{}}],"line":149},"28":{"loc":{"start":{"line":149,"column":12},"end":{"line":149,"column":32}},"type":"binary-expr","locations":[{"start":{"line":149,"column":12},"end":{"line":149,"column":23}},{"start":{"line":149,"column":23},"end":{"line":149,"column":32}}],"line":149},"29":{"loc":{"start":{"line":150,"column":22},"end":{"line":150,"column":null}},"type":"cond-expr","locations":[{"start":{"line":150,"column":42},"end":{"line":150,"column":56}},{"start":{"line":150,"column":56},"end":{"line":150,"column":null}}],"line":150},"30":{"loc":{"start":{"line":154,"column":8},"end":{"line":157,"column":null}},"type":"if","locations":[{"start":{"line":154,"column":8},"end":{"line":157,"column":null}},{"start":{},"end":{}}],"line":154},"31":{"loc":{"start":{"line":154,"column":12},"end":{"line":154,"column":32}},"type":"binary-expr","locations":[{"start":{"line":154,"column":12},"end":{"line":154,"column":23}},{"start":{"line":154,"column":23},"end":{"line":154,"column":32}}],"line":154},"32":{"loc":{"start":{"line":155,"column":22},"end":{"line":155,"column":null}},"type":"cond-expr","locations":[{"start":{"line":155,"column":42},"end":{"line":155,"column":56}},{"start":{"line":155,"column":56},"end":{"line":155,"column":null}}],"line":155},"33":{"loc":{"start":{"line":159,"column":8},"end":{"line":162,"column":null}},"type":"if","locations":[{"start":{"line":159,"column":8},"end":{"line":162,"column":null}},{"start":{},"end":{}}],"line":159},"34":{"loc":{"start":{"line":160,"column":22},"end":{"line":160,"column":null}},"type":"cond-expr","locations":[{"start":{"line":160,"column":42},"end":{"line":160,"column":55}},{"start":{"line":160,"column":55},"end":{"line":160,"column":null}}],"line":160},"35":{"loc":{"start":{"line":164,"column":18},"end":{"line":164,"column":null}},"type":"cond-expr","locations":[{"start":{"line":164,"column":38},"end":{"line":164,"column":50}},{"start":{"line":164,"column":50},"end":{"line":164,"column":null}}],"line":164},"36":{"loc":{"start":{"line":174,"column":16},"end":{"line":174,"column":null}},"type":"binary-expr","locations":[{"start":{"line":174,"column":16},"end":{"line":174,"column":46}},{"start":{"line":174,"column":46},"end":{"line":174,"column":null}}],"line":174},"37":{"loc":{"start":{"line":181,"column":16},"end":{"line":182,"column":null}},"type":"if","locations":[{"start":{"line":181,"column":16},"end":{"line":182,"column":null}},{"start":{},"end":{}}],"line":181}},"s":{"0":8,"1":8,"2":8,"3":128,"4":128,"5":128,"6":128,"7":128,"8":128,"9":128,"10":128,"11":0,"12":128,"13":0,"14":128,"15":32,"16":32,"17":32,"18":256,"19":256,"20":256,"21":96,"22":96,"23":64,"24":32,"25":0,"26":32,"27":48,"28":49,"29":49,"30":49,"31":196,"32":196,"33":196,"34":119,"35":119,"36":5,"37":114,"38":1,"39":114,"40":5,"41":5,"42":49,"43":16,"44":16,"45":8,"46":8,"47":8,"48":8,"49":64,"50":64,"51":512,"52":512,"53":512,"54":512,"55":128,"56":512,"57":128,"58":8,"59":128,"60":128,"61":128,"62":128,"63":128,"64":128,"65":128,"66":128,"67":128,"68":32,"69":32,"70":32,"71":96,"72":32,"73":32,"74":32,"75":64,"76":32,"77":32,"78":32,"79":32,"80":16,"81":16,"82":16,"83":16,"84":128,"85":128,"86":256,"87":224,"88":8,"89":8,"90":64,"91":64,"92":512,"93":512,"94":256},"f":{"0":128,"1":32,"2":48,"3":49,"4":16,"5":16,"6":8,"7":8,"8":128,"9":128,"10":256,"11":224,"12":8},"b":{"0":[64,64],"1":[128,0],"2":[64,64],"3":[128,0],"4":[128,128],"5":[0,128],"6":[128,112],"7":[0,128],"8":[128,112],"9":[96,160],"10":[256,224,192,144],"11":[64,32],"12":[0,32],"13":[196,184,168,143],"14":[5,114],"15":[1,113],"16":[256,256],"17":[128,384],"18":[512,448],"19":[64,64],"20":[128,384],"21":[512,448],"22":[64,64],"23":[64,64],"24":[32,96],"25":[128,112],"26":[16,16],"27":[32,64],"28":[96,80],"29":[16,16],"30":[32,32],"31":[64,48],"32":[16,16],"33":[16,16],"34":[8,8],"35":[8,8],"36":[224,112],"37":[256,256]},"meta":{"lastBranch":38,"lastFunction":13,"lastStatement":95,"seen":{"s:16:19:16:Infinity":0,"s:17:17:17:55":1,"s:18:56:96:Infinity":2,"f:19:8:19:17":0,"s:20:34:20:36":3,"s:21:30:21:Infinity":4,"b:21:50:21:54:21:54:21:Infinity":0,"b:23:12:27:Infinity:undefined:undefined:undefined:undefined":1,"s:23:12:27:Infinity":5,"s:24:16:24:Infinity":6,"s:25:30:25:Infinity":7,"b:25:50:25:54:25:54:25:Infinity":2,"b:26:16:27:Infinity:undefined:undefined:undefined:undefined":3,"s:26:16:27:Infinity":8,"b:26:20:26:39:26:39:26:88":4,"s:27:20:27:Infinity":9,"b:30:12:31:Infinity:undefined:undefined:undefined:undefined":5,"s:30:12:31:Infinity":10,"b:30:16:30:31:30:31:30:89":6,"s:31:16:31:Infinity":11,"b:33:12:34:Infinity:undefined:undefined:undefined:undefined":7,"s:33:12:34:Infinity":12,"b:33:16:33:31:33:31:33:89":8,"s:34:16:34:Infinity":13,"s:36:12:36:Infinity":14,"f:38:8:38:19":1,"s:39:34:39:36":15,"s:40:31:49:Infinity":16,"s:51:12:60:Infinity":17,"s:52:30:52:Infinity":18,"s:53:30:53:Infinity":19,"b:55:16:60:Infinity:undefined:undefined:undefined:undefined":9,"s:55:16:60:Infinity":20,"b:55:20:55:34:55:34:55:47:55:47:55:61:55:61:55:72":10,"s:56:42:56:Infinity":21,"b:57:20:60:Infinity:59:31:60:Infinity":11,"s:57:20:60:Infinity":22,"s:58:24:58:Infinity":23,"b:59:31:60:Infinity:undefined:undefined:undefined:undefined":12,"s:59:31:60:Infinity":24,"s:60:24:60:Infinity":25,"s:64:12:64:Infinity":26,"f:65:8:65:19":2,"s:65:42:65:Infinity":27,"f:66:8:66:17":3,"s:67:34:67:36":28,"s:68:31:73:Infinity":29,"s:75:12:90:Infinity":30,"s:76:28:76:Infinity":31,"s:77:28:77:Infinity":32,"s:79:16:90:Infinity":33,"b:79:23:79:37:79:37:79:50:79:50:79:64:79:64:79:75":13,"s:80:42:80:Infinity":34,"b:81:20:87:Infinity:83:27:87:Infinity":14,"s:81:20:87:Infinity":35,"s:82:24:82:Infinity":36,"b:84:24:85:Infinity:undefined:undefined:undefined:undefined":15,"s:84:24:85:Infinity":37,"s:85:28:85:Infinity":38,"s:87:24:87:Infinity":39,"s:89:20:89:Infinity":40,"s:90:20:90:Infinity":41,"s:93:12:93:Infinity":42,"f:94:8:94:18":4,"s:94:41:94:Infinity":43,"f:95:8:95:17":5,"s:95:40:95:Infinity":44,"f:98:4:98:18":6,"s:99:8:99:Infinity":45,"s:100:8:100:Infinity":46,"f:103:4:103:16":7,"s:104:8:113:Infinity":47,"s:104:21:104:24":48,"s:105:12:113:Infinity":49,"s:105:25:105:28":50,"s:106:28:106:57":51,"s:107:16:107:Infinity":52,"b:107:46:107:77:107:77:107:Infinity":16,"s:108:16:108:Infinity":53,"b:109:16:110:Infinity:undefined:undefined:undefined:undefined":17,"s:109:16:110:Infinity":54,"b:109:20:109:31:109:31:109:40":18,"s:110:20:110:Infinity":55,"b:110:64:110:74:110:74:110:83":19,"b:112:16:113:Infinity:undefined:undefined:undefined:undefined":20,"s:112:16:113:Infinity":56,"b:112:20:112:31:112:31:112:40":21,"s:113:20:113:Infinity":57,"b:113:67:113:77:113:77:113:86":22,"s:117:8:117:Infinity":58,"f:120:4:120:14":8,"s:121:20:121:49":59,"s:122:8:122:Infinity":60,"s:123:8:123:Infinity":61,"b:123:38:123:50:123:50:123:Infinity":23,"s:124:8:124:Infinity":62,"s:125:8:131:Infinity":63,"f:134:4:134:17":9,"s:135:20:135:49":64,"s:136:8:136:Infinity":65,"s:137:45:143:Infinity":66,"b:144:8:147:Infinity:undefined:undefined:undefined:undefined":24,"s:144:8:147:Infinity":67,"b:144:12:144:23:144:23:144:32":25,"s:145:12:145:Infinity":68,"b:145:42:145:54:145:54:145:Infinity":26,"s:146:12:146:Infinity":69,"s:147:12:147:Infinity":70,"b:149:8:152:Infinity:undefined:undefined:undefined:undefined":27,"s:149:8:152:Infinity":71,"b:149:12:149:23:149:23:149:32":28,"s:150:12:150:Infinity":72,"b:150:42:150:56:150:56:150:Infinity":29,"s:151:12:151:Infinity":73,"s:152:12:152:Infinity":74,"b:154:8:157:Infinity:undefined:undefined:undefined:undefined":30,"s:154:8:157:Infinity":75,"b:154:12:154:23:154:23:154:32":31,"s:155:12:155:Infinity":76,"b:155:42:155:56:155:56:155:Infinity":32,"s:156:12:156:Infinity":77,"s:157:12:157:Infinity":78,"b:159:8:162:Infinity:undefined:undefined:undefined:undefined":33,"s:159:8:162:Infinity":79,"s:160:12:160:Infinity":80,"b:160:42:160:55:160:55:160:Infinity":34,"s:161:12:161:Infinity":81,"s:162:12:162:Infinity":82,"s:164:8:164:Infinity":83,"b:164:38:164:50:164:50:164:Infinity":35,"s:165:8:165:Infinity":84,"s:166:8:166:Infinity":85,"f:169:4:169:12":10,"s:170:8:170:Infinity":86,"f:173:4:173:14":11,"s:174:8:174:Infinity":87,"b:174:16:174:46:174:46:174:Infinity":36,"f:177:4:177:22":12,"s:178:8:182:Infinity":88,"s:178:21:178:24":89,"s:179:12:182:Infinity":90,"s:179:25:179:28":91,"s:180:30:180:Infinity":92,"b:181:16:182:Infinity:undefined:undefined:undefined:undefined":37,"s:181:16:182:Infinity":93,"s:182:20:182:Infinity":94}}}
,"/app/src/assets/black_bishop.svg": {"path":"/app/src/assets/black_bishop.svg","statementMap":{},"fnMap":{},"branchMap":{},"s":{},"f":{},"b":{},"meta":{"lastBranch":0,"lastFunction":0,"lastStatement":0,"seen":{}}}
,"/app/src/assets/black_king.svg": {"path":"/app/src/assets/black_king.svg","statementMap":{},"fnMap":{},"branchMap":{},"s":{},"f":{},"b":{},"meta":{"lastBranch":0,"lastFunction":0,"lastStatement":0,"seen":{}}}
,"/app/src/assets/black_knight.svg": {"path":"/app/src/assets/black_knight.svg","statementMap":{},"fnMap":{},"branchMap":{},"s":{},"f":{},"b":{},"meta":{"lastBranch":0,"lastFunction":0,"lastStatement":0,"seen":{}}}
,"/app/src/assets/black_pawn.svg": {"path":"/app/src/assets/black_pawn.svg","statementMap":{},"fnMap":{},"branchMap":{},"s":{},"f":{},"b":{},"meta":{"lastBranch":0,"lastFunction":0,"lastStatement":0,"seen":{}}}
,"/app/src/assets/black_queen.svg": {"path":"/app/src/assets/black_queen.svg","statementMap":{},"fnMap":{},"branchMap":{},"s":{},"f":{},"b":{},"meta":{"lastBranch":0,"lastFunction":0,"lastStatement":0,"seen":{}}}
,"/app/src/assets/black_rook.svg": {"path":"/app/src/assets/black_rook.svg","statementMap":{},"fnMap":{},"branchMap":{},"s":{},"f":{},"b":{},"meta":{"lastBranch":0,"lastFunction":0,"lastStatement":0,"seen":{}}}
,"/app/src/assets/white_bishop.svg": {"path":"/app/src/assets/white_bishop.svg","statementMap":{},"fnMap":{},"branchMap":{},"s":{},"f":{},"b":{},"meta":{"lastBranch":0,"lastFunction":0,"lastStatement":0,"seen":{}}}
,"/app/src/assets/white_king.svg": {"path":"/app/src/assets/white_king.svg","statementMap":{},"fnMap":{},"branchMap":{},"s":{},"f":{},"b":{},"meta":{"lastBranch":0,"lastFunction":0,"lastStatement":0,"seen":{}}}
,"/app/src/assets/white_knight.svg": {"path":"/app/src/assets/white_knight.svg","statementMap":{},"fnMap":{},"branchMap":{},"s":{},"f":{},"b":{},"meta":{"lastBranch":0,"lastFunction":0,"lastStatement":0,"seen":{}}}
,"/app/src/assets/white_pawn.svg": {"path":"/app/src/assets/white_pawn.svg","statementMap":{},"fnMap":{},"branchMap":{},"s":{},"f":{},"b":{},"meta":{"lastBranch":0,"lastFunction":0,"lastStatement":0,"seen":{}}}
,"/app/src/assets/white_queen.svg": {"path":"/app/src/assets/white_queen.svg","statementMap":{},"fnMap":{},"branchMap":{},"s":{},"f":{},"b":{},"meta":{"lastBranch":0,"lastFunction":0,"lastStatement":0,"seen":{}}}
,"/app/src/assets/white_rook.svg": {"path":"/app/src/assets/white_rook.svg","statementMap":{},"fnMap":{},"branchMap":{},"s":{},"f":{},"b":{},"meta":{"lastBranch":0,"lastFunction":0,"lastStatement":0,"seen":{}}}
}
